<?xml version="1.0" encoding="UTF-8"?>
<testng-results skipped="0" failed="0" ignored="0" total="1" passed="1">
  <reporter-output>
  </reporter-output>
  <suite name="Default suite" duration-ms="34386" started-at="2023-01-20T22:02:47 IST" finished-at="2023-01-20T22:03:22 IST">
    <groups>
    </groups>
    <test name="Default test" duration-ms="34386" started-at="2023-01-20T22:02:47 IST" finished-at="2023-01-20T22:03:22 IST">
      <class name="com.test.LoginTest">
        <test-method status="PASS" signature="beforeMethod()[pri:0, instance:com.test.LoginTest@51c8530f]" name="beforeMethod" is-config="true" duration-ms="5314" started-at="2023-01-20T22:02:48 IST" finished-at="2023-01-20T22:02:53 IST">
          <reporter-output>
          </reporter-output>
        </test-method> <!-- beforeMethod -->
        <test-method status="PASS" signature="verifyTheLogingWithValidCredentials()[pri:0, instance:com.test.LoginTest@51c8530f]" name="verifyTheLogingWithValidCredentials" duration-ms="9712" started-at="2023-01-20T22:02:53 IST" finished-at="2023-01-20T22:03:03 IST">
          <reporter-output>
          </reporter-output>
        </test-method> <!-- verifyTheLogingWithValidCredentials -->
        <test-method status="PASS" signature="afterMethod()[pri:0, instance:com.test.LoginTest@51c8530f]" name="afterMethod" is-config="true" duration-ms="19029" started-at="2023-01-20T22:03:03 IST" finished-at="2023-01-20T22:03:22 IST">
          <reporter-output>
          </reporter-output>
        </test-method> <!-- afterMethod -->
      </class> <!-- com.test.LoginTest -->
    </test> <!-- Default test -->
  </suite> <!-- Default suite -->
</testng-results>
